  [1m[35m (0.1ms)[0m  [1m[34mSELECT sqlite_version(*)[0m
  ↳ /Users/kotaro18/.rbenv/versions/2.6.0/bin/rake:23
  [1m[35m (1.5ms)[0m  [1m[35mCREATE TABLE "schema_migrations" ("version" varchar NOT NULL PRIMARY KEY)[0m
  ↳ /Users/kotaro18/.rbenv/versions/2.6.0/bin/rake:23
  [1m[35m (1.2ms)[0m  [1m[35mCREATE TABLE "ar_internal_metadata" ("key" varchar NOT NULL PRIMARY KEY, "value" varchar, "created_at" datetime NOT NULL, "updated_at" datetime NOT NULL)[0m
  ↳ /Users/kotaro18/.rbenv/versions/2.6.0/bin/rake:23
  [1m[35m (0.2ms)[0m  [1m[34mSELECT "schema_migrations"."version" FROM "schema_migrations" ORDER BY "schema_migrations"."version" ASC[0m
  ↳ /Users/kotaro18/.rbenv/versions/2.6.0/bin/rake:23
Migrating to CreateUsers (20180917121518)
  [1m[35m (0.1ms)[0m  [1m[36mbegin transaction[0m
  ↳ /Users/kotaro18/.rbenv/versions/2.6.0/bin/rake:23
  [1m[35m (0.5ms)[0m  [1m[35mCREATE TABLE "users" ("id" integer PRIMARY KEY AUTOINCREMENT NOT NULL, "name" varchar, "age" integer, "address" varchar, "created_at" datetime NOT NULL, "updated_at" datetime NOT NULL)[0m
  ↳ db/migrate/20180917121518_create_users.rb:3
  [1m[36mActiveRecord::SchemaMigration Create (0.2ms)[0m  [1m[32mINSERT INTO "schema_migrations" ("version") VALUES (?)[0m  [["version", "20180917121518"]]
  ↳ /Users/kotaro18/.rbenv/versions/2.6.0/bin/rake:23
  [1m[35m (0.8ms)[0m  [1m[36mcommit transaction[0m
  ↳ /Users/kotaro18/.rbenv/versions/2.6.0/bin/rake:23
  [1m[36mActiveRecord::InternalMetadata Load (0.2ms)[0m  [1m[34mSELECT  "ar_internal_metadata".* FROM "ar_internal_metadata" WHERE "ar_internal_metadata"."key" = ? LIMIT ?[0m  [["key", "environment"], ["LIMIT", 1]]
  ↳ /Users/kotaro18/.rbenv/versions/2.6.0/bin/rake:23
  [1m[35m (0.0ms)[0m  [1m[36mbegin transaction[0m
  ↳ /Users/kotaro18/.rbenv/versions/2.6.0/bin/rake:23
  [1m[36mActiveRecord::InternalMetadata Create (0.5ms)[0m  [1m[32mINSERT INTO "ar_internal_metadata" ("key", "value", "created_at", "updated_at") VALUES (?, ?, ?, ?)[0m  [["key", "environment"], ["value", "development"], ["created_at", "2019-11-13 10:37:55.825753"], ["updated_at", "2019-11-13 10:37:55.825753"]]
  ↳ /Users/kotaro18/.rbenv/versions/2.6.0/bin/rake:23
  [1m[35m (0.5ms)[0m  [1m[36mcommit transaction[0m
  ↳ /Users/kotaro18/.rbenv/versions/2.6.0/bin/rake:23
  [1m[35m (0.3ms)[0m  [1m[34mSELECT "schema_migrations"."version" FROM "schema_migrations" ORDER BY "schema_migrations"."version" ASC[0m
  ↳ /Users/kotaro18/.rbenv/versions/2.6.0/bin/rake:23
  [1m[35m (0.1ms)[0m  [1m[36mbegin transaction[0m
  [1m[36mUser Create (0.9ms)[0m  [1m[32mINSERT INTO "users" ("name", "age", "address", "created_at", "updated_at") VALUES (?, ?, ?, ?, ?)[0m  [["name", "田中"], ["age", 33], ["address", "埼玉"], ["created_at", "2019-11-13 10:43:32.299757"], ["updated_at", "2019-11-13 10:43:32.299757"]]
  [1m[35m (0.8ms)[0m  [1m[36mcommit transaction[0m
  [1m[35m (0.0ms)[0m  [1m[36mbegin transaction[0m
  [1m[36mUser Create (0.4ms)[0m  [1m[32mINSERT INTO "users" ("name", "age", "address", "created_at", "updated_at") VALUES (?, ?, ?, ?, ?)[0m  [["name", "田中"], ["age", 33], ["address", "埼玉"], ["created_at", "2019-11-13 10:43:32.306111"], ["updated_at", "2019-11-13 10:43:32.306111"]]
  [1m[35m (1.0ms)[0m  [1m[36mcommit transaction[0m
  [1m[35m (0.0ms)[0m  [1m[36mbegin transaction[0m
  [1m[36mUser Create (0.5ms)[0m  [1m[32mINSERT INTO "users" ("name", "age", "address", "created_at", "updated_at") VALUES (?, ?, ?, ?, ?)[0m  [["name", "田中"], ["age", 33], ["address", "埼玉"], ["created_at", "2019-11-13 10:43:32.308885"], ["updated_at", "2019-11-13 10:43:32.308885"]]
  [1m[35m (0.7ms)[0m  [1m[36mcommit transaction[0m
  [1m[35m (0.0ms)[0m  [1m[36mbegin transaction[0m
  [1m[36mUser Create (0.6ms)[0m  [1m[32mINSERT INTO "users" ("name", "age", "address", "created_at", "updated_at") VALUES (?, ?, ?, ?, ?)[0m  [["name", "田中"], ["age", 33], ["address", "埼玉"], ["created_at", "2019-11-13 10:43:32.311979"], ["updated_at", "2019-11-13 10:43:32.311979"]]
  [1m[35m (1.0ms)[0m  [1m[36mcommit transaction[0m
  [1m[35m (0.1ms)[0m  [1m[36mbegin transaction[0m
  [1m[36mUser Create (0.5ms)[0m  [1m[32mINSERT INTO "users" ("name", "age", "address", "created_at", "updated_at") VALUES (?, ?, ?, ?, ?)[0m  [["name", "田中"], ["age", 33], ["address", "埼玉"], ["created_at", "2019-11-13 10:43:32.315338"], ["updated_at", "2019-11-13 10:43:32.315338"]]
  [1m[35m (2.4ms)[0m  [1m[36mcommit transaction[0m
  [1m[35m (0.1ms)[0m  [1m[36mbegin transaction[0m
  [1m[36mUser Create (1.3ms)[0m  [1m[32mINSERT INTO "users" ("name", "age", "address", "created_at", "updated_at") VALUES (?, ?, ?, ?, ?)[0m  [["name", "田中"], ["age", 33], ["address", "埼玉"], ["created_at", "2019-11-13 10:43:32.320122"], ["updated_at", "2019-11-13 10:43:32.320122"]]
  [1m[35m (1.6ms)[0m  [1m[36mcommit transaction[0m
  [1m[35m (0.1ms)[0m  [1m[36mbegin transaction[0m
  [1m[36mUser Create (0.4ms)[0m  [1m[32mINSERT INTO "users" ("name", "age", "address", "created_at", "updated_at") VALUES (?, ?, ?, ?, ?)[0m  [["name", "田中"], ["age", 33], ["address", "埼玉"], ["created_at", "2019-11-13 10:43:32.324712"], ["updated_at", "2019-11-13 10:43:32.324712"]]
  [1m[35m (1.1ms)[0m  [1m[36mcommit transaction[0m
  [1m[35m (0.1ms)[0m  [1m[36mbegin transaction[0m
  [1m[36mUser Create (0.4ms)[0m  [1m[32mINSERT INTO "users" ("name", "age", "address", "created_at", "updated_at") VALUES (?, ?, ?, ?, ?)[0m  [["name", "田中"], ["age", 33], ["address", "埼玉"], ["created_at", "2019-11-13 10:43:32.327498"], ["updated_at", "2019-11-13 10:43:32.327498"]]
  [1m[35m (1.8ms)[0m  [1m[36mcommit transaction[0m
  [1m[35m (0.1ms)[0m  [1m[36mbegin transaction[0m
  [1m[36mUser Create (1.2ms)[0m  [1m[32mINSERT INTO "users" ("name", "age", "address", "created_at", "updated_at") VALUES (?, ?, ?, ?, ?)[0m  [["name", "田中"], ["age", 33], ["address", "埼玉"], ["created_at", "2019-11-13 10:43:32.332313"], ["updated_at", "2019-11-13 10:43:32.332313"]]
  [1m[35m (6.0ms)[0m  [1m[36mcommit transaction[0m
  [1m[35m (0.1ms)[0m  [1m[36mbegin transaction[0m
  [1m[36mUser Create (0.4ms)[0m  [1m[32mINSERT INTO "users" ("name", "age", "address", "created_at", "updated_at") VALUES (?, ?, ?, ?, ?)[0m  [["name", "田中"], ["age", 33], ["address", "埼玉"], ["created_at", "2019-11-13 10:43:32.341604"], ["updated_at", "2019-11-13 10:43:32.341604"]]
  [1m[35m (3.3ms)[0m  [1m[36mcommit transaction[0m
  [1m[35m (0.1ms)[0m  [1m[36mbegin transaction[0m
  [1m[36mUser Create (0.4ms)[0m  [1m[32mINSERT INTO "users" ("name", "age", "address", "created_at", "updated_at") VALUES (?, ?, ?, ?, ?)[0m  [["name", "田中"], ["age", 33], ["address", "埼玉"], ["created_at", "2019-11-13 10:43:32.347299"], ["updated_at", "2019-11-13 10:43:32.347299"]]
  [1m[35m (1.6ms)[0m  [1m[36mcommit transaction[0m
  [1m[35m (0.1ms)[0m  [1m[36mbegin transaction[0m
  [1m[36mUser Create (0.4ms)[0m  [1m[32mINSERT INTO "users" ("name", "age", "address", "created_at", "updated_at") VALUES (?, ?, ?, ?, ?)[0m  [["name", "田中"], ["age", 33], ["address", "埼玉"], ["created_at", "2019-11-13 10:43:32.351567"], ["updated_at", "2019-11-13 10:43:32.351567"]]
  [1m[35m (0.8ms)[0m  [1m[36mcommit transaction[0m
  [1m[35m (0.2ms)[0m  [1m[36mbegin transaction[0m
  [1m[36mUser Create (0.5ms)[0m  [1m[32mINSERT INTO "users" ("name", "age", "address", "created_at", "updated_at") VALUES (?, ?, ?, ?, ?)[0m  [["name", "田中"], ["age", 33], ["address", "埼玉"], ["created_at", "2019-11-13 10:43:32.354809"], ["updated_at", "2019-11-13 10:43:32.354809"]]
  [1m[35m (1.0ms)[0m  [1m[36mcommit transaction[0m
  [1m[35m (0.1ms)[0m  [1m[36mbegin transaction[0m
  [1m[36mUser Create (0.7ms)[0m  [1m[32mINSERT INTO "users" ("name", "age", "address", "created_at", "updated_at") VALUES (?, ?, ?, ?, ?)[0m  [["name", "田中"], ["age", 33], ["address", "埼玉"], ["created_at", "2019-11-13 10:43:32.358101"], ["updated_at", "2019-11-13 10:43:32.358101"]]
  [1m[35m (0.7ms)[0m  [1m[36mcommit transaction[0m
